TN:
SF:src/calculator.ts
FN:9,add
FN:16,subtract
FN:23,multiply
FN:30,divide
FN:40,percentage
FN:55,isEven
FN:62,isPrime
FN:76,factorial
FNF:8
FNH:8
FNDA:3,add
FNDA:3,subtract
FNDA:3,multiply
FNDA:4,divide
FNDA:4,percentage
FNDA:7,isEven
FNDA:12,isPrime
FNDA:15,factorial
DA:5,1
DA:9,1
DA:10,3
DA:11,3
DA:16,1
DA:17,3
DA:18,3
DA:23,1
DA:24,3
DA:25,3
DA:30,1
DA:31,4
DA:32,1
DA:33,1
DA:34,3
DA:35,4
DA:40,1
DA:41,4
DA:42,1
DA:43,1
DA:44,3
DA:45,4
DA:46,1
DA:51,1
DA:55,1
DA:56,7
DA:57,7
DA:62,1
DA:63,12
DA:64,12
DA:65,12
DA:67,12
DA:68,2
DA:69,2
DA:70,4
DA:71,12
DA:76,1
DA:77,15
DA:78,15
DA:79,9
DA:80,15
DA:81,1
LF:42
LH:42
BRDA:9,0,0,3
BRDA:16,1,0,3
BRDA:23,2,0,3
BRDA:30,3,0,4
BRDA:31,4,0,1
BRDA:33,5,0,3
BRDA:40,6,0,4
BRDA:41,7,0,1
BRDA:43,8,0,3
BRDA:55,9,0,7
BRDA:62,10,0,12
BRDA:63,11,0,3
BRDA:63,12,0,9
BRDA:64,13,0,1
BRDA:64,14,0,8
BRDA:65,15,0,3
BRDA:65,16,0,5
BRDA:67,17,0,2
BRDA:68,18,0,1
BRDA:69,19,0,4
BRDA:76,20,0,15
BRDA:77,21,0,1
BRDA:77,22,0,14
BRDA:78,23,0,13
BRDA:78,24,0,5
BRDA:78,25,0,9
BRF:26
BRH:26
end_of_record
TN:
SF:src/index.ts
FN:1,(empty-report)
FNF:1
FNH:1
FNDA:1,(empty-report)
DA:5,0
DA:6,0
DA:11,0
DA:12,0
DA:13,0
DA:15,0
DA:16,0
DA:17,0
DA:19,0
DA:20,0
DA:25,0
DA:26,0
DA:27,0
DA:28,0
DA:33,0
DA:34,0
DA:35,0
DA:36,0
DA:39,0
DA:40,0
DA:41,0
DA:42,0
LF:22
LH:0
BRDA:1,0,0,1
BRF:1
BRH:1
end_of_record
TN:
SF:src/stringUtils.ts
FN:9,capitalize
FN:17,reverse
FN:24,isPalindrome
FN:32,wordCount
FN:40,truncate
FN:53,toKebabCase
FN:63,toCamelCase
FN:72,extractEmails
FNF:8
FNH:8
FNDA:6,capitalize
FNDA:5,reverse
FNDA:9,isPalindrome
FNDA:7,wordCount
FNDA:6,truncate
FNDA:6,toKebabCase
FNDA:6,toCamelCase
FNDA:3,extractEmails
DA:5,1
DA:9,1
DA:10,6
DA:11,5
DA:12,6
DA:17,1
DA:18,5
DA:19,5
DA:24,1
DA:25,9
DA:26,9
DA:27,9
DA:32,1
DA:33,7
DA:34,5
DA:35,7
DA:40,1
DA:41,6
DA:42,2
DA:43,6
DA:44,1
DA:49,1
DA:53,1
DA:54,6
DA:55,6
DA:56,6
DA:57,6
DA:58,6
DA:63,1
DA:64,6
DA:65,6
DA:66,6
DA:67,6
DA:72,1
DA:73,3
DA:74,3
DA:75,3
DA:76,1
LF:38
LH:38
BRDA:9,0,0,6
BRDA:10,1,0,1
BRDA:10,2,0,5
BRDA:17,3,0,5
BRDA:24,4,0,9
BRDA:32,5,0,7
BRDA:33,6,0,2
BRDA:33,7,0,5
BRDA:40,8,0,6
BRDA:41,9,0,4
BRDA:41,10,0,2
BRDA:53,11,0,6
BRDA:63,12,0,6
BRDA:65,13,0,3
BRDA:65,14,0,0
BRDA:66,15,0,1
BRDA:72,16,0,3
BRDA:74,17,0,1
BRF:18
BRH:17
end_of_record
