{
  "/Users/noritakaikeda/Documents/GitHub/coverage-runner/examples/dual-runner-project/src/calculator.ts": {
    "path": "/Users/noritakaikeda/Documents/GitHub/coverage-runner/examples/dual-runner-project/src/calculator.ts",
    "statementMap": {
      "0": {
        "start": {
          "line": 10,
          "column": 4
        },
        "end": {
          "line": 10,
          "column": null
        }
      },
      "1": {
        "start": {
          "line": 17,
          "column": 4
        },
        "end": {
          "line": 17,
          "column": null
        }
      },
      "2": {
        "start": {
          "line": 24,
          "column": 4
        },
        "end": {
          "line": 24,
          "column": null
        }
      },
      "3": {
        "start": {
          "line": 31,
          "column": 4
        },
        "end": {
          "line": 33,
          "column": 5
        }
      },
      "4": {
        "start": {
          "line": 32,
          "column": 6
        },
        "end": {
          "line": 32,
          "column": null
        }
      },
      "5": {
        "start": {
          "line": 34,
          "column": 4
        },
        "end": {
          "line": 34,
          "column": null
        }
      },
      "6": {
        "start": {
          "line": 41,
          "column": 4
        },
        "end": {
          "line": 43,
          "column": 5
        }
      },
      "7": {
        "start": {
          "line": 42,
          "column": 6
        },
        "end": {
          "line": 42,
          "column": null
        }
      },
      "8": {
        "start": {
          "line": 44,
          "column": 4
        },
        "end": {
          "line": 44,
          "column": null
        }
      },
      "9": {
        "start": {
          "line": 5,
          "column": 0
        },
        "end": {
          "line": 5,
          "column": 13
        }
      },
      "10": {
        "start": {
          "line": 51,
          "column": 13
        },
        "end": {
          "line": 81,
          "column": null
        }
      },
      "11": {
        "start": {
          "line": 56,
          "column": 4
        },
        "end": {
          "line": 56,
          "column": null
        }
      },
      "12": {
        "start": {
          "line": 63,
          "column": 4
        },
        "end": {
          "line": 63,
          "column": null
        }
      },
      "13": {
        "start": {
          "line": 63,
          "column": 17
        },
        "end": {
          "line": 63,
          "column": null
        }
      },
      "14": {
        "start": {
          "line": 64,
          "column": 4
        },
        "end": {
          "line": 64,
          "column": null
        }
      },
      "15": {
        "start": {
          "line": 64,
          "column": 19
        },
        "end": {
          "line": 64,
          "column": null
        }
      },
      "16": {
        "start": {
          "line": 65,
          "column": 4
        },
        "end": {
          "line": 65,
          "column": null
        }
      },
      "17": {
        "start": {
          "line": 65,
          "column": 23
        },
        "end": {
          "line": 65,
          "column": null
        }
      },
      "18": {
        "start": {
          "line": 67,
          "column": 4
        },
        "end": {
          "line": 69,
          "column": 5
        }
      },
      "19": {
        "start": {
          "line": 67,
          "column": 17
        },
        "end": {
          "line": 67,
          "column": 18
        }
      },
      "20": {
        "start": {
          "line": 68,
          "column": 6
        },
        "end": {
          "line": 68,
          "column": null
        }
      },
      "21": {
        "start": {
          "line": 68,
          "column": 25
        },
        "end": {
          "line": 68,
          "column": null
        }
      },
      "22": {
        "start": {
          "line": 70,
          "column": 4
        },
        "end": {
          "line": 70,
          "column": null
        }
      },
      "23": {
        "start": {
          "line": 77,
          "column": 4
        },
        "end": {
          "line": 77,
          "column": null
        }
      },
      "24": {
        "start": {
          "line": 77,
          "column": 15
        },
        "end": {
          "line": 77,
          "column": null
        }
      },
      "25": {
        "start": {
          "line": 78,
          "column": 4
        },
        "end": {
          "line": 78,
          "column": null
        }
      },
      "26": {
        "start": {
          "line": 78,
          "column": 28
        },
        "end": {
          "line": 78,
          "column": null
        }
      },
      "27": {
        "start": {
          "line": 79,
          "column": 4
        },
        "end": {
          "line": 79,
          "column": null
        }
      },
      "28": {
        "start": {
          "line": 5,
          "column": 0
        },
        "end": {
          "line": 5,
          "column": 25
        }
      },
      "29": {
        "start": {
          "line": 9,
          "column": 0
        },
        "end": {
          "line": 9,
          "column": 37
        }
      },
      "30": {
        "start": {
          "line": 10,
          "column": 0
        },
        "end": {
          "line": 10,
          "column": 16
        }
      },
      "31": {
        "start": {
          "line": 11,
          "column": 0
        },
        "end": {
          "line": 11,
          "column": 3
        }
      },
      "32": {
        "start": {
          "line": 16,
          "column": 0
        },
        "end": {
          "line": 16,
          "column": 42
        }
      },
      "33": {
        "start": {
          "line": 17,
          "column": 0
        },
        "end": {
          "line": 17,
          "column": 16
        }
      },
      "34": {
        "start": {
          "line": 18,
          "column": 0
        },
        "end": {
          "line": 18,
          "column": 3
        }
      },
      "35": {
        "start": {
          "line": 23,
          "column": 0
        },
        "end": {
          "line": 23,
          "column": 42
        }
      },
      "36": {
        "start": {
          "line": 24,
          "column": 0
        },
        "end": {
          "line": 24,
          "column": 16
        }
      },
      "37": {
        "start": {
          "line": 25,
          "column": 0
        },
        "end": {
          "line": 25,
          "column": 3
        }
      },
      "38": {
        "start": {
          "line": 30,
          "column": 0
        },
        "end": {
          "line": 30,
          "column": 40
        }
      },
      "39": {
        "start": {
          "line": 31,
          "column": 0
        },
        "end": {
          "line": 31,
          "column": 18
        }
      },
      "40": {
        "start": {
          "line": 32,
          "column": 0
        },
        "end": {
          "line": 32,
          "column": 56
        }
      },
      "41": {
        "start": {
          "line": 33,
          "column": 0
        },
        "end": {
          "line": 33,
          "column": 5
        }
      },
      "42": {
        "start": {
          "line": 34,
          "column": 0
        },
        "end": {
          "line": 34,
          "column": 16
        }
      },
      "43": {
        "start": {
          "line": 35,
          "column": 0
        },
        "end": {
          "line": 35,
          "column": 3
        }
      },
      "44": {
        "start": {
          "line": 40,
          "column": 0
        },
        "end": {
          "line": 40,
          "column": 52
        }
      },
      "45": {
        "start": {
          "line": 41,
          "column": 0
        },
        "end": {
          "line": 41,
          "column": 22
        }
      },
      "46": {
        "start": {
          "line": 42,
          "column": 0
        },
        "end": {
          "line": 42,
          "column": 45
        }
      },
      "47": {
        "start": {
          "line": 43,
          "column": 0
        },
        "end": {
          "line": 43,
          "column": 5
        }
      },
      "48": {
        "start": {
          "line": 44,
          "column": 0
        },
        "end": {
          "line": 44,
          "column": 32
        }
      },
      "49": {
        "start": {
          "line": 45,
          "column": 0
        },
        "end": {
          "line": 45,
          "column": 3
        }
      },
      "50": {
        "start": {
          "line": 46,
          "column": 0
        },
        "end": {
          "line": 46,
          "column": 1
        }
      },
      "51": {
        "start": {
          "line": 51,
          "column": 0
        },
        "end": {
          "line": 51,
          "column": 26
        }
      },
      "52": {
        "start": {
          "line": 55,
          "column": 0
        },
        "end": {
          "line": 55,
          "column": 32
        }
      },
      "53": {
        "start": {
          "line": 56,
          "column": 0
        },
        "end": {
          "line": 56,
          "column": 24
        }
      },
      "54": {
        "start": {
          "line": 57,
          "column": 0
        },
        "end": {
          "line": 57,
          "column": 4
        }
      },
      "55": {
        "start": {
          "line": 62,
          "column": 0
        },
        "end": {
          "line": 62,
          "column": 33
        }
      },
      "56": {
        "start": {
          "line": 63,
          "column": 0
        },
        "end": {
          "line": 63,
          "column": 29
        }
      },
      "57": {
        "start": {
          "line": 64,
          "column": 0
        },
        "end": {
          "line": 64,
          "column": 30
        }
      },
      "58": {
        "start": {
          "line": 65,
          "column": 0
        },
        "end": {
          "line": 65,
          "column": 35
        }
      },
      "59": {
        "start": {
          "line": 67,
          "column": 0
        },
        "end": {
          "line": 67,
          "column": 50
        }
      },
      "60": {
        "start": {
          "line": 68,
          "column": 0
        },
        "end": {
          "line": 68,
          "column": 37
        }
      },
      "61": {
        "start": {
          "line": 69,
          "column": 0
        },
        "end": {
          "line": 69,
          "column": 5
        }
      },
      "62": {
        "start": {
          "line": 70,
          "column": 0
        },
        "end": {
          "line": 70,
          "column": 15
        }
      },
      "63": {
        "start": {
          "line": 71,
          "column": 0
        },
        "end": {
          "line": 71,
          "column": 4
        }
      },
      "64": {
        "start": {
          "line": 76,
          "column": 0
        },
        "end": {
          "line": 76,
          "column": 32
        }
      },
      "65": {
        "start": {
          "line": 77,
          "column": 0
        },
        "end": {
          "line": 77,
          "column": 79
        }
      },
      "66": {
        "start": {
          "line": 78,
          "column": 0
        },
        "end": {
          "line": 78,
          "column": 36
        }
      },
      "67": {
        "start": {
          "line": 79,
          "column": 0
        },
        "end": {
          "line": 79,
          "column": 36
        }
      },
      "68": {
        "start": {
          "line": 80,
          "column": 0
        },
        "end": {
          "line": 80,
          "column": 3
        }
      },
      "69": {
        "start": {
          "line": 81,
          "column": 0
        },
        "end": {
          "line": 81,
          "column": 1
        }
      }
    },
    "fnMap": {
      "0": {
        "name": "(anonymous_0)",
        "decl": {
          "start": {
            "line": 9,
            "column": 2
          },
          "end": {
            "line": 9,
            "column": 5
          }
        },
        "loc": {
          "start": {
            "line": 9,
            "column": 26
          },
          "end": {
            "line": 11,
            "column": 3
          }
        }
      },
      "1": {
        "name": "(anonymous_1)",
        "decl": {
          "start": {
            "line": 16,
            "column": 2
          },
          "end": {
            "line": 16,
            "column": 10
          }
        },
        "loc": {
          "start": {
            "line": 16,
            "column": 31
          },
          "end": {
            "line": 18,
            "column": 3
          }
        }
      },
      "2": {
        "name": "(anonymous_2)",
        "decl": {
          "start": {
            "line": 23,
            "column": 2
          },
          "end": {
            "line": 23,
            "column": 10
          }
        },
        "loc": {
          "start": {
            "line": 23,
            "column": 31
          },
          "end": {
            "line": 25,
            "column": 3
          }
        }
      },
      "3": {
        "name": "(anonymous_3)",
        "decl": {
          "start": {
            "line": 30,
            "column": 2
          },
          "end": {
            "line": 30,
            "column": 8
          }
        },
        "loc": {
          "start": {
            "line": 30,
            "column": 29
          },
          "end": {
            "line": 35,
            "column": 3
          }
        }
      },
      "4": {
        "name": "(anonymous_4)",
        "decl": {
          "start": {
            "line": 40,
            "column": 2
          },
          "end": {
            "line": 40,
            "column": 12
          }
        },
        "loc": {
          "start": {
            "line": 40,
            "column": 41
          },
          "end": {
            "line": 45,
            "column": 3
          }
        }
      },
      "5": {
        "name": "(anonymous_5)",
        "decl": {
          "start": {
            "line": 55,
            "column": 2
          },
          "end": {
            "line": 55,
            "column": 8
          }
        },
        "loc": {
          "start": {
            "line": 55,
            "column": 20
          },
          "end": {
            "line": 57,
            "column": 3
          }
        }
      },
      "6": {
        "name": "(anonymous_6)",
        "decl": {
          "start": {
            "line": 62,
            "column": 2
          },
          "end": {
            "line": 62,
            "column": 9
          }
        },
        "loc": {
          "start": {
            "line": 62,
            "column": 21
          },
          "end": {
            "line": 71,
            "column": 3
          }
        }
      },
      "7": {
        "name": "(anonymous_7)",
        "decl": {
          "start": {
            "line": 76,
            "column": 2
          },
          "end": {
            "line": 76,
            "column": 11
          }
        },
        "loc": {
          "start": {
            "line": 76,
            "column": 21
          },
          "end": {
            "line": 80,
            "column": 3
          }
        }
      },
      "8": {
        "name": "add",
        "decl": {
          "start": {
            "line": 9,
            "column": 2
          },
          "end": {
            "line": 11,
            "column": 3
          }
        },
        "loc": {
          "start": {
            "line": 9,
            "column": 2
          },
          "end": {
            "line": 11,
            "column": 3
          }
        },
        "line": 9
      },
      "9": {
        "name": "subtract",
        "decl": {
          "start": {
            "line": 16,
            "column": 2
          },
          "end": {
            "line": 18,
            "column": 3
          }
        },
        "loc": {
          "start": {
            "line": 16,
            "column": 2
          },
          "end": {
            "line": 18,
            "column": 3
          }
        },
        "line": 16
      },
      "10": {
        "name": "multiply",
        "decl": {
          "start": {
            "line": 23,
            "column": 2
          },
          "end": {
            "line": 25,
            "column": 3
          }
        },
        "loc": {
          "start": {
            "line": 23,
            "column": 2
          },
          "end": {
            "line": 25,
            "column": 3
          }
        },
        "line": 23
      },
      "11": {
        "name": "divide",
        "decl": {
          "start": {
            "line": 30,
            "column": 2
          },
          "end": {
            "line": 35,
            "column": 3
          }
        },
        "loc": {
          "start": {
            "line": 30,
            "column": 2
          },
          "end": {
            "line": 35,
            "column": 3
          }
        },
        "line": 30
      },
      "12": {
        "name": "percentage",
        "decl": {
          "start": {
            "line": 40,
            "column": 2
          },
          "end": {
            "line": 45,
            "column": 3
          }
        },
        "loc": {
          "start": {
            "line": 40,
            "column": 2
          },
          "end": {
            "line": 45,
            "column": 3
          }
        },
        "line": 40
      },
      "13": {
        "name": "isEven",
        "decl": {
          "start": {
            "line": 55,
            "column": 2
          },
          "end": {
            "line": 57,
            "column": 4
          }
        },
        "loc": {
          "start": {
            "line": 55,
            "column": 2
          },
          "end": {
            "line": 57,
            "column": 4
          }
        },
        "line": 55
      },
      "14": {
        "name": "isPrime",
        "decl": {
          "start": {
            "line": 62,
            "column": 2
          },
          "end": {
            "line": 71,
            "column": 4
          }
        },
        "loc": {
          "start": {
            "line": 62,
            "column": 2
          },
          "end": {
            "line": 71,
            "column": 4
          }
        },
        "line": 62
      },
      "15": {
        "name": "factorial",
        "decl": {
          "start": {
            "line": 76,
            "column": 2
          },
          "end": {
            "line": 80,
            "column": 3
          }
        },
        "loc": {
          "start": {
            "line": 76,
            "column": 2
          },
          "end": {
            "line": 80,
            "column": 3
          }
        },
        "line": 76
      }
    },
    "branchMap": {
      "0": {
        "loc": {
          "start": {
            "line": 31,
            "column": 4
          },
          "end": {
            "line": 33,
            "column": 5
          }
        },
        "type": "if",
        "locations": [
          {
            "start": {
              "line": 31,
              "column": 4
            },
            "end": {
              "line": 33,
              "column": 5
            }
          }
        ]
      },
      "1": {
        "loc": {
          "start": {
            "line": 41,
            "column": 4
          },
          "end": {
            "line": 43,
            "column": 5
          }
        },
        "type": "if",
        "locations": [
          {
            "start": {
              "line": 41,
              "column": 4
            },
            "end": {
              "line": 43,
              "column": 5
            }
          }
        ]
      },
      "2": {
        "loc": {
          "start": {
            "line": 63,
            "column": 4
          },
          "end": {
            "line": 63,
            "column": null
          }
        },
        "type": "if",
        "locations": [
          {
            "start": {
              "line": 63,
              "column": 4
            },
            "end": {
              "line": 63,
              "column": null
            }
          }
        ]
      },
      "3": {
        "loc": {
          "start": {
            "line": 64,
            "column": 4
          },
          "end": {
            "line": 64,
            "column": null
          }
        },
        "type": "if",
        "locations": [
          {
            "start": {
              "line": 64,
              "column": 4
            },
            "end": {
              "line": 64,
              "column": null
            }
          }
        ]
      },
      "4": {
        "loc": {
          "start": {
            "line": 65,
            "column": 4
          },
          "end": {
            "line": 65,
            "column": null
          }
        },
        "type": "if",
        "locations": [
          {
            "start": {
              "line": 65,
              "column": 4
            },
            "end": {
              "line": 65,
              "column": null
            }
          }
        ]
      },
      "5": {
        "loc": {
          "start": {
            "line": 68,
            "column": 6
          },
          "end": {
            "line": 68,
            "column": null
          }
        },
        "type": "if",
        "locations": [
          {
            "start": {
              "line": 68,
              "column": 6
            },
            "end": {
              "line": 68,
              "column": null
            }
          }
        ]
      },
      "6": {
        "loc": {
          "start": {
            "line": 77,
            "column": 4
          },
          "end": {
            "line": 77,
            "column": null
          }
        },
        "type": "if",
        "locations": [
          {
            "start": {
              "line": 77,
              "column": 4
            },
            "end": {
              "line": 77,
              "column": null
            }
          }
        ]
      },
      "7": {
        "loc": {
          "start": {
            "line": 78,
            "column": 4
          },
          "end": {
            "line": 78,
            "column": null
          }
        },
        "type": "if",
        "locations": [
          {
            "start": {
              "line": 78,
              "column": 4
            },
            "end": {
              "line": 78,
              "column": null
            }
          }
        ]
      },
      "8": {
        "loc": {
          "start": {
            "line": 78,
            "column": 8
          },
          "end": {
            "line": 78,
            "column": 26
          }
        },
        "type": "binary-expr",
        "locations": [
          {
            "start": {
              "line": 78,
              "column": 8
            },
            "end": {
              "line": 78,
              "column": 15
            }
          },
          {
            "start": {
              "line": 78,
              "column": 19
            },
            "end": {
              "line": 78,
              "column": 26
            }
          }
        ]
      },
      "9": {
        "type": "branch",
        "line": 9,
        "loc": {
          "start": {
            "line": 9,
            "column": 2
          },
          "end": {
            "line": 11,
            "column": 3
          }
        },
        "locations": [
          {
            "start": {
              "line": 9,
              "column": 2
            },
            "end": {
              "line": 11,
              "column": 3
            }
          }
        ]
      },
      "10": {
        "type": "branch",
        "line": 16,
        "loc": {
          "start": {
            "line": 16,
            "column": 2
          },
          "end": {
            "line": 18,
            "column": 3
          }
        },
        "locations": [
          {
            "start": {
              "line": 16,
              "column": 2
            },
            "end": {
              "line": 18,
              "column": 3
            }
          }
        ]
      },
      "11": {
        "type": "branch",
        "line": 23,
        "loc": {
          "start": {
            "line": 23,
            "column": 2
          },
          "end": {
            "line": 25,
            "column": 3
          }
        },
        "locations": [
          {
            "start": {
              "line": 23,
              "column": 2
            },
            "end": {
              "line": 25,
              "column": 3
            }
          }
        ]
      },
      "12": {
        "type": "branch",
        "line": 30,
        "loc": {
          "start": {
            "line": 30,
            "column": 2
          },
          "end": {
            "line": 35,
            "column": 3
          }
        },
        "locations": [
          {
            "start": {
              "line": 30,
              "column": 2
            },
            "end": {
              "line": 35,
              "column": 3
            }
          }
        ]
      },
      "13": {
        "type": "branch",
        "line": 31,
        "loc": {
          "start": {
            "line": 31,
            "column": 17
          },
          "end": {
            "line": 33,
            "column": 5
          }
        },
        "locations": [
          {
            "start": {
              "line": 31,
              "column": 17
            },
            "end": {
              "line": 33,
              "column": 5
            }
          }
        ]
      },
      "14": {
        "type": "branch",
        "line": 33,
        "loc": {
          "start": {
            "line": 33,
            "column": 4
          },
          "end": {
            "line": 34,
            "column": 16
          }
        },
        "locations": [
          {
            "start": {
              "line": 33,
              "column": 4
            },
            "end": {
              "line": 34,
              "column": 16
            }
          }
        ]
      },
      "15": {
        "type": "branch",
        "line": 40,
        "loc": {
          "start": {
            "line": 40,
            "column": 2
          },
          "end": {
            "line": 45,
            "column": 3
          }
        },
        "locations": [
          {
            "start": {
              "line": 40,
              "column": 2
            },
            "end": {
              "line": 45,
              "column": 3
            }
          }
        ]
      },
      "16": {
        "type": "branch",
        "line": 41,
        "loc": {
          "start": {
            "line": 41,
            "column": 21
          },
          "end": {
            "line": 43,
            "column": 5
          }
        },
        "locations": [
          {
            "start": {
              "line": 41,
              "column": 21
            },
            "end": {
              "line": 43,
              "column": 5
            }
          }
        ]
      },
      "17": {
        "type": "branch",
        "line": 43,
        "loc": {
          "start": {
            "line": 43,
            "column": 4
          },
          "end": {
            "line": 44,
            "column": 32
          }
        },
        "locations": [
          {
            "start": {
              "line": 43,
              "column": 4
            },
            "end": {
              "line": 44,
              "column": 32
            }
          }
        ]
      },
      "18": {
        "type": "branch",
        "line": 55,
        "loc": {
          "start": {
            "line": 55,
            "column": 2
          },
          "end": {
            "line": 57,
            "column": 4
          }
        },
        "locations": [
          {
            "start": {
              "line": 55,
              "column": 2
            },
            "end": {
              "line": 57,
              "column": 4
            }
          }
        ]
      },
      "19": {
        "type": "branch",
        "line": 62,
        "loc": {
          "start": {
            "line": 62,
            "column": 2
          },
          "end": {
            "line": 71,
            "column": 4
          }
        },
        "locations": [
          {
            "start": {
              "line": 62,
              "column": 2
            },
            "end": {
              "line": 71,
              "column": 4
            }
          }
        ]
      },
      "20": {
        "type": "branch",
        "line": 63,
        "loc": {
          "start": {
            "line": 63,
            "column": 17
          },
          "end": {
            "line": 63,
            "column": 29
          }
        },
        "locations": [
          {
            "start": {
              "line": 63,
              "column": 17
            },
            "end": {
              "line": 63,
              "column": 29
            }
          }
        ]
      },
      "21": {
        "type": "branch",
        "line": 63,
        "loc": {
          "start": {
            "line": 63,
            "column": 24
          },
          "end": {
            "line": 64,
            "column": 26
          }
        },
        "locations": [
          {
            "start": {
              "line": 63,
              "column": 24
            },
            "end": {
              "line": 64,
              "column": 26
            }
          }
        ]
      },
      "22": {
        "type": "branch",
        "line": 64,
        "loc": {
          "start": {
            "line": 64,
            "column": 19
          },
          "end": {
            "line": 64,
            "column": 30
          }
        },
        "locations": [
          {
            "start": {
              "line": 64,
              "column": 19
            },
            "end": {
              "line": 64,
              "column": 30
            }
          }
        ]
      },
      "23": {
        "type": "branch",
        "line": 64,
        "loc": {
          "start": {
            "line": 64,
            "column": 26
          },
          "end": {
            "line": 65,
            "column": 30
          }
        },
        "locations": [
          {
            "start": {
              "line": 64,
              "column": 26
            },
            "end": {
              "line": 65,
              "column": 30
            }
          }
        ]
      },
      "24": {
        "type": "branch",
        "line": 65,
        "loc": {
          "start": {
            "line": 65,
            "column": 23
          },
          "end": {
            "line": 65,
            "column": 35
          }
        },
        "locations": [
          {
            "start": {
              "line": 65,
              "column": 23
            },
            "end": {
              "line": 65,
              "column": 35
            }
          }
        ]
      },
      "25": {
        "type": "branch",
        "line": 65,
        "loc": {
          "start": {
            "line": 65,
            "column": 30
          },
          "end": {
            "line": 67,
            "column": 49
          }
        },
        "locations": [
          {
            "start": {
              "line": 65,
              "column": 30
            },
            "end": {
              "line": 67,
              "column": 49
            }
          }
        ]
      },
      "26": {
        "type": "branch",
        "line": 67,
        "loc": {
          "start": {
            "line": 67,
            "column": 49
          },
          "end": {
            "line": 69,
            "column": 5
          }
        },
        "locations": [
          {
            "start": {
              "line": 67,
              "column": 49
            },
            "end": {
              "line": 69,
              "column": 5
            }
          }
        ]
      },
      "27": {
        "type": "branch",
        "line": 68,
        "loc": {
          "start": {
            "line": 68,
            "column": 25
          },
          "end": {
            "line": 68,
            "column": 37
          }
        },
        "locations": [
          {
            "start": {
              "line": 68,
              "column": 25
            },
            "end": {
              "line": 68,
              "column": 37
            }
          }
        ]
      },
      "28": {
        "type": "branch",
        "line": 69,
        "loc": {
          "start": {
            "line": 69,
            "column": 4
          },
          "end": {
            "line": 70,
            "column": 15
          }
        },
        "locations": [
          {
            "start": {
              "line": 69,
              "column": 4
            },
            "end": {
              "line": 70,
              "column": 15
            }
          }
        ]
      },
      "29": {
        "type": "branch",
        "line": 76,
        "loc": {
          "start": {
            "line": 76,
            "column": 2
          },
          "end": {
            "line": 80,
            "column": 3
          }
        },
        "locations": [
          {
            "start": {
              "line": 76,
              "column": 2
            },
            "end": {
              "line": 80,
              "column": 3
            }
          }
        ]
      },
      "30": {
        "type": "branch",
        "line": 77,
        "loc": {
          "start": {
            "line": 77,
            "column": 15
          },
          "end": {
            "line": 77,
            "column": 79
          }
        },
        "locations": [
          {
            "start": {
              "line": 77,
              "column": 15
            },
            "end": {
              "line": 77,
              "column": 79
            }
          }
        ]
      },
      "31": {
        "type": "branch",
        "line": 77,
        "loc": {
          "start": {
            "line": 77,
            "column": 78
          },
          "end": {
            "line": 78,
            "column": 19
          }
        },
        "locations": [
          {
            "start": {
              "line": 77,
              "column": 78
            },
            "end": {
              "line": 78,
              "column": 19
            }
          }
        ]
      },
      "32": {
        "type": "branch",
        "line": 78,
        "loc": {
          "start": {
            "line": 78,
            "column": 14
          },
          "end": {
            "line": 78,
            "column": 28
          }
        },
        "locations": [
          {
            "start": {
              "line": 78,
              "column": 14
            },
            "end": {
              "line": 78,
              "column": 28
            }
          }
        ]
      },
      "33": {
        "type": "branch",
        "line": 78,
        "loc": {
          "start": {
            "line": 78,
            "column": 28
          },
          "end": {
            "line": 78,
            "column": 36
          }
        },
        "locations": [
          {
            "start": {
              "line": 78,
              "column": 28
            },
            "end": {
              "line": 78,
              "column": 36
            }
          }
        ]
      },
      "34": {
        "type": "branch",
        "line": 78,
        "loc": {
          "start": {
            "line": 78,
            "column": 35
          },
          "end": {
            "line": 79,
            "column": 36
          }
        },
        "locations": [
          {
            "start": {
              "line": 78,
              "column": 35
            },
            "end": {
              "line": 79,
              "column": 36
            }
          }
        ]
      }
    },
    "s": {
      "0": 3,
      "1": 3,
      "2": 3,
      "3": 4,
      "4": 1,
      "5": 3,
      "6": 4,
      "7": 1,
      "8": 3,
      "9": 2,
      "10": 1,
      "11": 7,
      "12": 12,
      "13": 3,
      "14": 9,
      "15": 1,
      "16": 8,
      "17": 3,
      "18": 5,
      "19": 17,
      "20": 2,
      "21": 1,
      "22": 4,
      "23": 15,
      "24": 1,
      "25": 14,
      "26": 5,
      "27": 9,
      "28": 1,
      "29": 1,
      "30": 3,
      "31": 3,
      "32": 1,
      "33": 3,
      "34": 3,
      "35": 1,
      "36": 3,
      "37": 3,
      "38": 1,
      "39": 4,
      "40": 5,
      "41": 5,
      "42": 3,
      "43": 4,
      "44": 1,
      "45": 4,
      "46": 5,
      "47": 5,
      "48": 3,
      "49": 4,
      "50": 1,
      "51": 1,
      "52": 1,
      "53": 7,
      "54": 7,
      "55": 1,
      "56": 12,
      "57": 12,
      "58": 12,
      "59": 12,
      "60": 7,
      "61": 7,
      "62": 4,
      "63": 12,
      "64": 1,
      "65": 15,
      "66": 15,
      "67": 9,
      "68": 15,
      "69": 1
    },
    "f": {
      "0": 6,
      "1": 6,
      "2": 6,
      "3": 8,
      "4": 8,
      "5": 14,
      "6": 24,
      "7": 30,
      "8": 3,
      "9": 3,
      "10": 3,
      "11": 4,
      "12": 4,
      "13": 7,
      "14": 12,
      "15": 15
    },
    "b": {
      "0": [
        5
      ],
      "1": [
        5
      ],
      "2": [
        3
      ],
      "3": [
        1
      ],
      "4": [
        3
      ],
      "5": [
        1
      ],
      "6": [
        1
      ],
      "7": [
        5
      ],
      "8": [
        29,
        13
      ],
      "9": [
        3
      ],
      "10": [
        3
      ],
      "11": [
        3
      ],
      "12": [
        4
      ],
      "13": [
        2
      ],
      "14": [
        3
      ],
      "15": [
        4
      ],
      "16": [
        2
      ],
      "17": [
        3
      ],
      "18": [
        7
      ],
      "19": [
        12
      ],
      "20": [
        3
      ],
      "21": [
        9
      ],
      "22": [
        1
      ],
      "23": [
        8
      ],
      "24": [
        3
      ],
      "25": [
        5
      ],
      "26": [
        2
      ],
      "27": [
        1
      ],
      "28": [
        4
      ],
      "29": [
        15
      ],
      "30": [
        1
      ],
      "31": [
        14
      ],
      "32": [
        13
      ],
      "33": [
        5
      ],
      "34": [
        9
      ]
    }
  },
  "/Users/noritakaikeda/Documents/GitHub/coverage-runner/examples/dual-runner-project/src/stringUtils.ts": {
    "path": "/Users/noritakaikeda/Documents/GitHub/coverage-runner/examples/dual-runner-project/src/stringUtils.ts",
    "statementMap": {
      "0": {
        "start": {
          "line": 10,
          "column": 4
        },
        "end": {
          "line": 10,
          "column": null
        }
      },
      "1": {
        "start": {
          "line": 10,
          "column": 14
        },
        "end": {
          "line": 10,
          "column": null
        }
      },
      "2": {
        "start": {
          "line": 11,
          "column": 4
        },
        "end": {
          "line": 11,
          "column": null
        }
      },
      "3": {
        "start": {
          "line": 18,
          "column": 4
        },
        "end": {
          "line": 18,
          "column": null
        }
      },
      "4": {
        "start": {
          "line": 25,
          "column": 23
        },
        "end": {
          "line": 25,
          "column": 66
        }
      },
      "5": {
        "start": {
          "line": 26,
          "column": 4
        },
        "end": {
          "line": 26,
          "column": null
        }
      },
      "6": {
        "start": {
          "line": 33,
          "column": 4
        },
        "end": {
          "line": 33,
          "column": null
        }
      },
      "7": {
        "start": {
          "line": 33,
          "column": 21
        },
        "end": {
          "line": 33,
          "column": null
        }
      },
      "8": {
        "start": {
          "line": 34,
          "column": 4
        },
        "end": {
          "line": 34,
          "column": null
        }
      },
      "9": {
        "start": {
          "line": 41,
          "column": 4
        },
        "end": {
          "line": 41,
          "column": null
        }
      },
      "10": {
        "start": {
          "line": 41,
          "column": 33
        },
        "end": {
          "line": 41,
          "column": null
        }
      },
      "11": {
        "start": {
          "line": 42,
          "column": 4
        },
        "end": {
          "line": 42,
          "column": null
        }
      },
      "12": {
        "start": {
          "line": 5,
          "column": 0
        },
        "end": {
          "line": 5,
          "column": 13
        }
      },
      "13": {
        "start": {
          "line": 49,
          "column": 13
        },
        "end": {
          "line": 76,
          "column": null
        }
      },
      "14": {
        "start": {
          "line": 54,
          "column": 4
        },
        "end": {
          "line": 57,
          "column": null
        }
      },
      "15": {
        "start": {
          "line": 64,
          "column": 4
        },
        "end": {
          "line": 66,
          "column": null
        }
      },
      "16": {
        "start": {
          "line": 65,
          "column": 44
        },
        "end": {
          "line": 65,
          "column": 74
        }
      },
      "17": {
        "start": {
          "line": 66,
          "column": 33
        },
        "end": {
          "line": 66,
          "column": 51
        }
      },
      "18": {
        "start": {
          "line": 73,
          "column": 23
        },
        "end": {
          "line": 73,
          "column": 77
        }
      },
      "19": {
        "start": {
          "line": 74,
          "column": 4
        },
        "end": {
          "line": 74,
          "column": null
        }
      },
      "20": {
        "start": {
          "line": 5,
          "column": 0
        },
        "end": {
          "line": 5,
          "column": 26
        }
      },
      "21": {
        "start": {
          "line": 9,
          "column": 0
        },
        "end": {
          "line": 9,
          "column": 35
        }
      },
      "22": {
        "start": {
          "line": 10,
          "column": 0
        },
        "end": {
          "line": 10,
          "column": 24
        }
      },
      "23": {
        "start": {
          "line": 11,
          "column": 0
        },
        "end": {
          "line": 11,
          "column": 67
        }
      },
      "24": {
        "start": {
          "line": 12,
          "column": 0
        },
        "end": {
          "line": 12,
          "column": 3
        }
      },
      "25": {
        "start": {
          "line": 17,
          "column": 0
        },
        "end": {
          "line": 17,
          "column": 32
        }
      },
      "26": {
        "start": {
          "line": 18,
          "column": 0
        },
        "end": {
          "line": 18,
          "column": 43
        }
      },
      "27": {
        "start": {
          "line": 19,
          "column": 0
        },
        "end": {
          "line": 19,
          "column": 3
        }
      },
      "28": {
        "start": {
          "line": 24,
          "column": 0
        },
        "end": {
          "line": 24,
          "column": 38
        }
      },
      "29": {
        "start": {
          "line": 25,
          "column": 0
        },
        "end": {
          "line": 25,
          "column": 66
        }
      },
      "30": {
        "start": {
          "line": 26,
          "column": 0
        },
        "end": {
          "line": 26,
          "column": 65
        }
      },
      "31": {
        "start": {
          "line": 27,
          "column": 0
        },
        "end": {
          "line": 27,
          "column": 3
        }
      },
      "32": {
        "start": {
          "line": 32,
          "column": 0
        },
        "end": {
          "line": 32,
          "column": 34
        }
      },
      "33": {
        "start": {
          "line": 33,
          "column": 0
        },
        "end": {
          "line": 33,
          "column": 29
        }
      },
      "34": {
        "start": {
          "line": 34,
          "column": 0
        },
        "end": {
          "line": 34,
          "column": 41
        }
      },
      "35": {
        "start": {
          "line": 35,
          "column": 0
        },
        "end": {
          "line": 35,
          "column": 3
        }
      },
      "36": {
        "start": {
          "line": 40,
          "column": 0
        },
        "end": {
          "line": 40,
          "column": 52
        }
      },
      "37": {
        "start": {
          "line": 41,
          "column": 0
        },
        "end": {
          "line": 41,
          "column": 43
        }
      },
      "38": {
        "start": {
          "line": 42,
          "column": 0
        },
        "end": {
          "line": 42,
          "column": 46
        }
      },
      "39": {
        "start": {
          "line": 43,
          "column": 0
        },
        "end": {
          "line": 43,
          "column": 3
        }
      },
      "40": {
        "start": {
          "line": 44,
          "column": 0
        },
        "end": {
          "line": 44,
          "column": 1
        }
      },
      "41": {
        "start": {
          "line": 49,
          "column": 0
        },
        "end": {
          "line": 49,
          "column": 30
        }
      },
      "42": {
        "start": {
          "line": 53,
          "column": 0
        },
        "end": {
          "line": 53,
          "column": 36
        }
      },
      "43": {
        "start": {
          "line": 54,
          "column": 0
        },
        "end": {
          "line": 54,
          "column": 14
        }
      },
      "44": {
        "start": {
          "line": 55,
          "column": 0
        },
        "end": {
          "line": 55,
          "column": 42
        }
      },
      "45": {
        "start": {
          "line": 56,
          "column": 0
        },
        "end": {
          "line": 56,
          "column": 30
        }
      },
      "46": {
        "start": {
          "line": 57,
          "column": 0
        },
        "end": {
          "line": 57,
          "column": 20
        }
      },
      "47": {
        "start": {
          "line": 58,
          "column": 0
        },
        "end": {
          "line": 58,
          "column": 4
        }
      },
      "48": {
        "start": {
          "line": 63,
          "column": 0
        },
        "end": {
          "line": 63,
          "column": 36
        }
      },
      "49": {
        "start": {
          "line": 64,
          "column": 0
        },
        "end": {
          "line": 64,
          "column": 14
        }
      },
      "50": {
        "start": {
          "line": 65,
          "column": 0
        },
        "end": {
          "line": 65,
          "column": 75
        }
      },
      "51": {
        "start": {
          "line": 66,
          "column": 0
        },
        "end": {
          "line": 66,
          "column": 52
        }
      },
      "52": {
        "start": {
          "line": 67,
          "column": 0
        },
        "end": {
          "line": 67,
          "column": 4
        }
      },
      "53": {
        "start": {
          "line": 72,
          "column": 0
        },
        "end": {
          "line": 72,
          "column": 41
        }
      },
      "54": {
        "start": {
          "line": 73,
          "column": 0
        },
        "end": {
          "line": 73,
          "column": 77
        }
      },
      "55": {
        "start": {
          "line": 74,
          "column": 0
        },
        "end": {
          "line": 74,
          "column": 39
        }
      },
      "56": {
        "start": {
          "line": 75,
          "column": 0
        },
        "end": {
          "line": 75,
          "column": 3
        }
      },
      "57": {
        "start": {
          "line": 76,
          "column": 0
        },
        "end": {
          "line": 76,
          "column": 1
        }
      }
    },
    "fnMap": {
      "0": {
        "name": "(anonymous_0)",
        "decl": {
          "start": {
            "line": 9,
            "column": 2
          },
          "end": {
            "line": 9,
            "column": 12
          }
        },
        "loc": {
          "start": {
            "line": 9,
            "column": 24
          },
          "end": {
            "line": 12,
            "column": 3
          }
        }
      },
      "1": {
        "name": "(anonymous_1)",
        "decl": {
          "start": {
            "line": 17,
            "column": 2
          },
          "end": {
            "line": 17,
            "column": 9
          }
        },
        "loc": {
          "start": {
            "line": 17,
            "column": 21
          },
          "end": {
            "line": 19,
            "column": 3
          }
        }
      },
      "2": {
        "name": "(anonymous_2)",
        "decl": {
          "start": {
            "line": 24,
            "column": 2
          },
          "end": {
            "line": 24,
            "column": 14
          }
        },
        "loc": {
          "start": {
            "line": 24,
            "column": 26
          },
          "end": {
            "line": 27,
            "column": 3
          }
        }
      },
      "3": {
        "name": "(anonymous_3)",
        "decl": {
          "start": {
            "line": 32,
            "column": 2
          },
          "end": {
            "line": 32,
            "column": 11
          }
        },
        "loc": {
          "start": {
            "line": 32,
            "column": 23
          },
          "end": {
            "line": 35,
            "column": 3
          }
        }
      },
      "4": {
        "name": "(anonymous_4)",
        "decl": {
          "start": {
            "line": 40,
            "column": 2
          },
          "end": {
            "line": 40,
            "column": 10
          }
        },
        "loc": {
          "start": {
            "line": 40,
            "column": 41
          },
          "end": {
            "line": 43,
            "column": 3
          }
        }
      },
      "5": {
        "name": "(anonymous_5)",
        "decl": {
          "start": {
            "line": 53,
            "column": 2
          },
          "end": {
            "line": 53,
            "column": 13
          }
        },
        "loc": {
          "start": {
            "line": 53,
            "column": 25
          },
          "end": {
            "line": 58,
            "column": 3
          }
        }
      },
      "6": {
        "name": "(anonymous_6)",
        "decl": {
          "start": {
            "line": 63,
            "column": 2
          },
          "end": {
            "line": 63,
            "column": 13
          }
        },
        "loc": {
          "start": {
            "line": 63,
            "column": 25
          },
          "end": {
            "line": 67,
            "column": 3
          }
        }
      },
      "7": {
        "name": "(anonymous_7)",
        "decl": {
          "start": {
            "line": 65,
            "column": 31
          },
          "end": {
            "line": 65,
            "column": 32
          }
        },
        "loc": {
          "start": {
            "line": 65,
            "column": 44
          },
          "end": {
            "line": 65,
            "column": 74
          }
        }
      },
      "8": {
        "name": "(anonymous_8)",
        "decl": {
          "start": {
            "line": 66,
            "column": 25
          },
          "end": {
            "line": 66,
            "column": 29
          }
        },
        "loc": {
          "start": {
            "line": 66,
            "column": 33
          },
          "end": {
            "line": 66,
            "column": 51
          }
        }
      },
      "9": {
        "name": "(anonymous_9)",
        "decl": {
          "start": {
            "line": 72,
            "column": 2
          },
          "end": {
            "line": 72,
            "column": 15
          }
        },
        "loc": {
          "start": {
            "line": 72,
            "column": 28
          },
          "end": {
            "line": 75,
            "column": 3
          }
        }
      },
      "10": {
        "name": "capitalize",
        "decl": {
          "start": {
            "line": 9,
            "column": 2
          },
          "end": {
            "line": 12,
            "column": 3
          }
        },
        "loc": {
          "start": {
            "line": 9,
            "column": 2
          },
          "end": {
            "line": 12,
            "column": 3
          }
        },
        "line": 9
      },
      "11": {
        "name": "reverse",
        "decl": {
          "start": {
            "line": 17,
            "column": 2
          },
          "end": {
            "line": 19,
            "column": 3
          }
        },
        "loc": {
          "start": {
            "line": 17,
            "column": 2
          },
          "end": {
            "line": 19,
            "column": 3
          }
        },
        "line": 17
      },
      "12": {
        "name": "isPalindrome",
        "decl": {
          "start": {
            "line": 24,
            "column": 2
          },
          "end": {
            "line": 27,
            "column": 3
          }
        },
        "loc": {
          "start": {
            "line": 24,
            "column": 2
          },
          "end": {
            "line": 27,
            "column": 3
          }
        },
        "line": 24
      },
      "13": {
        "name": "wordCount",
        "decl": {
          "start": {
            "line": 32,
            "column": 2
          },
          "end": {
            "line": 35,
            "column": 3
          }
        },
        "loc": {
          "start": {
            "line": 32,
            "column": 2
          },
          "end": {
            "line": 35,
            "column": 3
          }
        },
        "line": 32
      },
      "14": {
        "name": "truncate",
        "decl": {
          "start": {
            "line": 40,
            "column": 2
          },
          "end": {
            "line": 43,
            "column": 3
          }
        },
        "loc": {
          "start": {
            "line": 40,
            "column": 2
          },
          "end": {
            "line": 43,
            "column": 3
          }
        },
        "line": 40
      },
      "15": {
        "name": "toKebabCase",
        "decl": {
          "start": {
            "line": 53,
            "column": 2
          },
          "end": {
            "line": 58,
            "column": 4
          }
        },
        "loc": {
          "start": {
            "line": 53,
            "column": 2
          },
          "end": {
            "line": 58,
            "column": 4
          }
        },
        "line": 53
      },
      "16": {
        "name": "toCamelCase",
        "decl": {
          "start": {
            "line": 63,
            "column": 2
          },
          "end": {
            "line": 67,
            "column": 4
          }
        },
        "loc": {
          "start": {
            "line": 63,
            "column": 2
          },
          "end": {
            "line": 67,
            "column": 4
          }
        },
        "line": 63
      },
      "17": {
        "name": "extractEmails",
        "decl": {
          "start": {
            "line": 72,
            "column": 2
          },
          "end": {
            "line": 75,
            "column": 3
          }
        },
        "loc": {
          "start": {
            "line": 72,
            "column": 2
          },
          "end": {
            "line": 75,
            "column": 3
          }
        },
        "line": 72
      }
    },
    "branchMap": {
      "0": {
        "loc": {
          "start": {
            "line": 10,
            "column": 4
          },
          "end": {
            "line": 10,
            "column": null
          }
        },
        "type": "if",
        "locations": [
          {
            "start": {
              "line": 10,
              "column": 4
            },
            "end": {
              "line": 10,
              "column": null
            }
          }
        ]
      },
      "1": {
        "loc": {
          "start": {
            "line": 33,
            "column": 4
          },
          "end": {
            "line": 33,
            "column": null
          }
        },
        "type": "if",
        "locations": [
          {
            "start": {
              "line": 33,
              "column": 4
            },
            "end": {
              "line": 33,
              "column": null
            }
          }
        ]
      },
      "2": {
        "loc": {
          "start": {
            "line": 41,
            "column": 4
          },
          "end": {
            "line": 41,
            "column": null
          }
        },
        "type": "if",
        "locations": [
          {
            "start": {
              "line": 41,
              "column": 4
            },
            "end": {
              "line": 41,
              "column": null
            }
          }
        ]
      },
      "3": {
        "loc": {
          "start": {
            "line": 65,
            "column": 44
          },
          "end": {
            "line": 65,
            "column": 74
          }
        },
        "type": "cond-expr",
        "locations": [
          {
            "start": {
              "line": 65,
              "column": 51
            },
            "end": {
              "line": 65,
              "column": 69
            }
          },
          {
            "start": {
              "line": 65,
              "column": 72
            },
            "end": {
              "line": 65,
              "column": 74
            }
          }
        ]
      },
      "4": {
        "loc": {
          "start": {
            "line": 74,
            "column": 11
          },
          "end": {
            "line": 74,
            "column": 39
          }
        },
        "type": "binary-expr",
        "locations": [
          {
            "start": {
              "line": 74,
              "column": 11
            },
            "end": {
              "line": 74,
              "column": 33
            }
          },
          {
            "start": {
              "line": 74,
              "column": 37
            },
            "end": {
              "line": 74,
              "column": 39
            }
          }
        ]
      },
      "5": {
        "type": "branch",
        "line": 9,
        "loc": {
          "start": {
            "line": 9,
            "column": 2
          },
          "end": {
            "line": 12,
            "column": 3
          }
        },
        "locations": [
          {
            "start": {
              "line": 9,
              "column": 2
            },
            "end": {
              "line": 12,
              "column": 3
            }
          }
        ]
      },
      "6": {
        "type": "branch",
        "line": 10,
        "loc": {
          "start": {
            "line": 10,
            "column": 14
          },
          "end": {
            "line": 10,
            "column": 24
          }
        },
        "locations": [
          {
            "start": {
              "line": 10,
              "column": 14
            },
            "end": {
              "line": 10,
              "column": 24
            }
          }
        ]
      },
      "7": {
        "type": "branch",
        "line": 10,
        "loc": {
          "start": {
            "line": 10,
            "column": 21
          },
          "end": {
            "line": 11,
            "column": 67
          }
        },
        "locations": [
          {
            "start": {
              "line": 10,
              "column": 21
            },
            "end": {
              "line": 11,
              "column": 67
            }
          }
        ]
      },
      "8": {
        "type": "branch",
        "line": 17,
        "loc": {
          "start": {
            "line": 17,
            "column": 2
          },
          "end": {
            "line": 19,
            "column": 3
          }
        },
        "locations": [
          {
            "start": {
              "line": 17,
              "column": 2
            },
            "end": {
              "line": 19,
              "column": 3
            }
          }
        ]
      },
      "9": {
        "type": "branch",
        "line": 24,
        "loc": {
          "start": {
            "line": 24,
            "column": 2
          },
          "end": {
            "line": 27,
            "column": 3
          }
        },
        "locations": [
          {
            "start": {
              "line": 24,
              "column": 2
            },
            "end": {
              "line": 27,
              "column": 3
            }
          }
        ]
      },
      "10": {
        "type": "branch",
        "line": 32,
        "loc": {
          "start": {
            "line": 32,
            "column": 2
          },
          "end": {
            "line": 35,
            "column": 3
          }
        },
        "locations": [
          {
            "start": {
              "line": 32,
              "column": 2
            },
            "end": {
              "line": 35,
              "column": 3
            }
          }
        ]
      },
      "11": {
        "type": "branch",
        "line": 33,
        "loc": {
          "start": {
            "line": 33,
            "column": 21
          },
          "end": {
            "line": 33,
            "column": 29
          }
        },
        "locations": [
          {
            "start": {
              "line": 33,
              "column": 21
            },
            "end": {
              "line": 33,
              "column": 29
            }
          }
        ]
      },
      "12": {
        "type": "branch",
        "line": 33,
        "loc": {
          "start": {
            "line": 33,
            "column": 28
          },
          "end": {
            "line": 34,
            "column": 41
          }
        },
        "locations": [
          {
            "start": {
              "line": 33,
              "column": 28
            },
            "end": {
              "line": 34,
              "column": 41
            }
          }
        ]
      },
      "13": {
        "type": "branch",
        "line": 40,
        "loc": {
          "start": {
            "line": 40,
            "column": 2
          },
          "end": {
            "line": 43,
            "column": 3
          }
        },
        "locations": [
          {
            "start": {
              "line": 40,
              "column": 2
            },
            "end": {
              "line": 43,
              "column": 3
            }
          }
        ]
      },
      "14": {
        "type": "branch",
        "line": 41,
        "loc": {
          "start": {
            "line": 41,
            "column": 33
          },
          "end": {
            "line": 41,
            "column": 43
          }
        },
        "locations": [
          {
            "start": {
              "line": 41,
              "column": 33
            },
            "end": {
              "line": 41,
              "column": 43
            }
          }
        ]
      },
      "15": {
        "type": "branch",
        "line": 41,
        "loc": {
          "start": {
            "line": 41,
            "column": 40
          },
          "end": {
            "line": 42,
            "column": 46
          }
        },
        "locations": [
          {
            "start": {
              "line": 41,
              "column": 40
            },
            "end": {
              "line": 42,
              "column": 46
            }
          }
        ]
      },
      "16": {
        "type": "branch",
        "line": 53,
        "loc": {
          "start": {
            "line": 53,
            "column": 2
          },
          "end": {
            "line": 58,
            "column": 4
          }
        },
        "locations": [
          {
            "start": {
              "line": 53,
              "column": 2
            },
            "end": {
              "line": 58,
              "column": 4
            }
          }
        ]
      },
      "17": {
        "type": "branch",
        "line": 63,
        "loc": {
          "start": {
            "line": 63,
            "column": 2
          },
          "end": {
            "line": 67,
            "column": 4
          }
        },
        "locations": [
          {
            "start": {
              "line": 63,
              "column": 2
            },
            "end": {
              "line": 67,
              "column": 4
            }
          }
        ]
      },
      "18": {
        "type": "branch",
        "line": 65,
        "loc": {
          "start": {
            "line": 65,
            "column": 31
          },
          "end": {
            "line": 65,
            "column": 74
          }
        },
        "locations": [
          {
            "start": {
              "line": 65,
              "column": 31
            },
            "end": {
              "line": 65,
              "column": 74
            }
          }
        ]
      },
      "19": {
        "type": "branch",
        "line": 65,
        "loc": {
          "start": {
            "line": 65,
            "column": 68
          },
          "end": {
            "line": 65,
            "column": 74
          }
        },
        "locations": [
          {
            "start": {
              "line": 65,
              "column": 68
            },
            "end": {
              "line": 65,
              "column": 74
            }
          }
        ]
      },
      "20": {
        "type": "branch",
        "line": 66,
        "loc": {
          "start": {
            "line": 66,
            "column": 25
          },
          "end": {
            "line": 66,
            "column": 51
          }
        },
        "locations": [
          {
            "start": {
              "line": 66,
              "column": 25
            },
            "end": {
              "line": 66,
              "column": 51
            }
          }
        ]
      },
      "21": {
        "type": "branch",
        "line": 72,
        "loc": {
          "start": {
            "line": 72,
            "column": 2
          },
          "end": {
            "line": 75,
            "column": 3
          }
        },
        "locations": [
          {
            "start": {
              "line": 72,
              "column": 2
            },
            "end": {
              "line": 75,
              "column": 3
            }
          }
        ]
      },
      "22": {
        "type": "branch",
        "line": 74,
        "loc": {
          "start": {
            "line": 74,
            "column": 32
          },
          "end": {
            "line": 74,
            "column": 39
          }
        },
        "locations": [
          {
            "start": {
              "line": 74,
              "column": 32
            },
            "end": {
              "line": 74,
              "column": 39
            }
          }
        ]
      }
    },
    "s": {
      "0": 6,
      "1": 1,
      "2": 5,
      "3": 5,
      "4": 18,
      "5": 9,
      "6": 7,
      "7": 2,
      "8": 5,
      "9": 6,
      "10": 4,
      "11": 2,
      "12": 2,
      "13": 1,
      "14": 6,
      "15": 6,
      "16": 9,
      "17": 7,
      "18": 6,
      "19": 3,
      "20": 1,
      "21": 1,
      "22": 6,
      "23": 5,
      "24": 6,
      "25": 1,
      "26": 5,
      "27": 5,
      "28": 1,
      "29": 9,
      "30": 9,
      "31": 9,
      "32": 1,
      "33": 7,
      "34": 5,
      "35": 7,
      "36": 1,
      "37": 6,
      "38": 2,
      "39": 6,
      "40": 1,
      "41": 1,
      "42": 1,
      "43": 6,
      "44": 6,
      "45": 6,
      "46": 6,
      "47": 6,
      "48": 1,
      "49": 6,
      "50": 6,
      "51": 6,
      "52": 6,
      "53": 1,
      "54": 3,
      "55": 3,
      "56": 3,
      "57": 1
    },
    "f": {
      "0": 12,
      "1": 10,
      "2": 18,
      "3": 14,
      "4": 12,
      "5": 12,
      "6": 12,
      "7": 9,
      "8": 7,
      "9": 6,
      "10": 6,
      "11": 5,
      "12": 9,
      "13": 7,
      "14": 6,
      "15": 6,
      "16": 6,
      "17": 3
    },
    "b": {
      "0": [
        1
      ],
      "1": [
        2
      ],
      "2": [
        4
      ],
      "3": [
        6,
        0
      ],
      "4": [
        6,
        1
      ],
      "5": [
        6
      ],
      "6": [
        1
      ],
      "7": [
        5
      ],
      "8": [
        5
      ],
      "9": [
        9
      ],
      "10": [
        7
      ],
      "11": [
        2
      ],
      "12": [
        5
      ],
      "13": [
        6
      ],
      "14": [
        4
      ],
      "15": [
        2
      ],
      "16": [
        6
      ],
      "17": [
        6
      ],
      "18": [
        3
      ],
      "19": [
        3
      ],
      "20": [
        1
      ],
      "21": [
        3
      ],
      "22": [
        4
      ]
    }
  },
  "/Users/noritakaikeda/Documents/GitHub/coverage-runner/examples/dual-runner-project/src/index.ts": {
    "path": "/Users/noritakaikeda/Documents/GitHub/coverage-runner/examples/dual-runner-project/src/index.ts",
    "all": true,
    "statementMap": {
      "4": {
        "start": {
          "line": 5,
          "column": 0
        },
        "end": {
          "line": 5,
          "column": 52
        }
      },
      "5": {
        "start": {
          "line": 6,
          "column": 0
        },
        "end": {
          "line": 6,
          "column": 58
        }
      },
      "10": {
        "start": {
          "line": 11,
          "column": 0
        },
        "end": {
          "line": 11,
          "column": 78
        }
      },
      "11": {
        "start": {
          "line": 12,
          "column": 0
        },
        "end": {
          "line": 12,
          "column": 31
        }
      },
      "12": {
        "start": {
          "line": 13,
          "column": 0
        },
        "end": {
          "line": 13,
          "column": 39
        }
      },
      "14": {
        "start": {
          "line": 15,
          "column": 0
        },
        "end": {
          "line": 15,
          "column": 65
        }
      },
      "15": {
        "start": {
          "line": 16,
          "column": 0
        },
        "end": {
          "line": 16,
          "column": 38
        }
      },
      "16": {
        "start": {
          "line": 17,
          "column": 0
        },
        "end": {
          "line": 17,
          "column": 61
        }
      },
      "18": {
        "start": {
          "line": 19,
          "column": 0
        },
        "end": {
          "line": 19,
          "column": 72
        }
      },
      "19": {
        "start": {
          "line": 20,
          "column": 0
        },
        "end": {
          "line": 20,
          "column": 1
        }
      },
      "24": {
        "start": {
          "line": 25,
          "column": 0
        },
        "end": {
          "line": 25,
          "column": 26
        }
      },
      "25": {
        "start": {
          "line": 26,
          "column": 0
        },
        "end": {
          "line": 26,
          "column": 30
        }
      },
      "26": {
        "start": {
          "line": 27,
          "column": 0
        },
        "end": {
          "line": 27,
          "column": 19
        }
      },
      "27": {
        "start": {
          "line": 28,
          "column": 0
        },
        "end": {
          "line": 28,
          "column": 67
        }
      },
      "32": {
        "start": {
          "line": 33,
          "column": 0
        },
        "end": {
          "line": 33,
          "column": 21
        }
      },
      "33": {
        "start": {
          "line": 34,
          "column": 0
        },
        "end": {
          "line": 34,
          "column": 64
        }
      },
      "34": {
        "start": {
          "line": 35,
          "column": 0
        },
        "end": {
          "line": 35,
          "column": 3
        }
      },
      "35": {
        "start": {
          "line": 36,
          "column": 0
        },
        "end": {
          "line": 36,
          "column": 1
        }
      },
      "38": {
        "start": {
          "line": 39,
          "column": 0
        },
        "end": {
          "line": 39,
          "column": 54
        }
      },
      "39": {
        "start": {
          "line": 40,
          "column": 0
        },
        "end": {
          "line": 40,
          "column": 34
        }
      },
      "40": {
        "start": {
          "line": 41,
          "column": 0
        },
        "end": {
          "line": 41,
          "column": 62
        }
      },
      "41": {
        "start": {
          "line": 42,
          "column": 0
        },
        "end": {
          "line": 42,
          "column": 1
        }
      }
    },
    "s": {
      "4": 0,
      "5": 0,
      "10": 0,
      "11": 0,
      "12": 0,
      "14": 0,
      "15": 0,
      "16": 0,
      "18": 0,
      "19": 0,
      "24": 0,
      "25": 0,
      "26": 0,
      "27": 0,
      "32": 0,
      "33": 0,
      "34": 0,
      "35": 0,
      "38": 0,
      "39": 0,
      "40": 0,
      "41": 0
    },
    "branchMap": {
      "0": {
        "type": "branch",
        "line": 1,
        "loc": {
          "start": {
            "line": 1,
            "column": 1128
          },
          "end": {
            "line": 42,
            "column": 1
          }
        },
        "locations": [
          {
            "start": {
              "line": 1,
              "column": 1128
            },
            "end": {
              "line": 42,
              "column": 1
            }
          }
        ]
      }
    },
    "b": {
      "0": [
        1
      ]
    },
    "fnMap": {
      "0": {
        "name": "(empty-report)",
        "decl": {
          "start": {
            "line": 1,
            "column": 1128
          },
          "end": {
            "line": 42,
            "column": 1
          }
        },
        "loc": {
          "start": {
            "line": 1,
            "column": 1128
          },
          "end": {
            "line": 42,
            "column": 1
          }
        },
        "line": 1
      }
    },
    "f": {
      "0": 1
    }
  }
}