{"/Users/noritakaikeda/Documents/GitHub/coverage-runner/examples/dual-runner-project/src/calculator.ts": {"path":"/Users/noritakaikeda/Documents/GitHub/coverage-runner/examples/dual-runner-project/src/calculator.ts","all":false,"statementMap":{"4":{"start":{"line":5,"column":0},"end":{"line":5,"column":25}},"8":{"start":{"line":9,"column":0},"end":{"line":9,"column":37}},"9":{"start":{"line":10,"column":0},"end":{"line":10,"column":16}},"10":{"start":{"line":11,"column":0},"end":{"line":11,"column":3}},"15":{"start":{"line":16,"column":0},"end":{"line":16,"column":42}},"16":{"start":{"line":17,"column":0},"end":{"line":17,"column":16}},"17":{"start":{"line":18,"column":0},"end":{"line":18,"column":3}},"22":{"start":{"line":23,"column":0},"end":{"line":23,"column":42}},"23":{"start":{"line":24,"column":0},"end":{"line":24,"column":16}},"24":{"start":{"line":25,"column":0},"end":{"line":25,"column":3}},"29":{"start":{"line":30,"column":0},"end":{"line":30,"column":40}},"30":{"start":{"line":31,"column":0},"end":{"line":31,"column":18}},"31":{"start":{"line":32,"column":0},"end":{"line":32,"column":56}},"32":{"start":{"line":33,"column":0},"end":{"line":33,"column":5}},"33":{"start":{"line":34,"column":0},"end":{"line":34,"column":16}},"34":{"start":{"line":35,"column":0},"end":{"line":35,"column":3}},"39":{"start":{"line":40,"column":0},"end":{"line":40,"column":52}},"40":{"start":{"line":41,"column":0},"end":{"line":41,"column":22}},"41":{"start":{"line":42,"column":0},"end":{"line":42,"column":45}},"42":{"start":{"line":43,"column":0},"end":{"line":43,"column":5}},"43":{"start":{"line":44,"column":0},"end":{"line":44,"column":32}},"44":{"start":{"line":45,"column":0},"end":{"line":45,"column":3}},"45":{"start":{"line":46,"column":0},"end":{"line":46,"column":1}},"50":{"start":{"line":51,"column":0},"end":{"line":51,"column":26}},"54":{"start":{"line":55,"column":0},"end":{"line":55,"column":32}},"55":{"start":{"line":56,"column":0},"end":{"line":56,"column":24}},"56":{"start":{"line":57,"column":0},"end":{"line":57,"column":4}},"61":{"start":{"line":62,"column":0},"end":{"line":62,"column":33}},"62":{"start":{"line":63,"column":0},"end":{"line":63,"column":29}},"63":{"start":{"line":64,"column":0},"end":{"line":64,"column":30}},"64":{"start":{"line":65,"column":0},"end":{"line":65,"column":35}},"66":{"start":{"line":67,"column":0},"end":{"line":67,"column":50}},"67":{"start":{"line":68,"column":0},"end":{"line":68,"column":37}},"68":{"start":{"line":69,"column":0},"end":{"line":69,"column":5}},"69":{"start":{"line":70,"column":0},"end":{"line":70,"column":15}},"70":{"start":{"line":71,"column":0},"end":{"line":71,"column":4}},"75":{"start":{"line":76,"column":0},"end":{"line":76,"column":32}},"76":{"start":{"line":77,"column":0},"end":{"line":77,"column":79}},"77":{"start":{"line":78,"column":0},"end":{"line":78,"column":36}},"78":{"start":{"line":79,"column":0},"end":{"line":79,"column":36}},"79":{"start":{"line":80,"column":0},"end":{"line":80,"column":3}},"80":{"start":{"line":81,"column":0},"end":{"line":81,"column":1}}},"s":{"4":1,"8":1,"9":3,"10":3,"15":1,"16":3,"17":3,"22":1,"23":3,"24":3,"29":1,"30":4,"31":1,"32":1,"33":3,"34":4,"39":1,"40":4,"41":1,"42":1,"43":3,"44":4,"45":1,"50":1,"54":1,"55":7,"56":7,"61":1,"62":12,"63":12,"64":12,"66":12,"67":2,"68":2,"69":4,"70":12,"75":1,"76":15,"77":15,"78":9,"79":15,"80":1},"branchMap":{"0":{"type":"branch","line":9,"loc":{"start":{"line":9,"column":2},"end":{"line":11,"column":3}},"locations":[{"start":{"line":9,"column":2},"end":{"line":11,"column":3}}]},"1":{"type":"branch","line":16,"loc":{"start":{"line":16,"column":2},"end":{"line":18,"column":3}},"locations":[{"start":{"line":16,"column":2},"end":{"line":18,"column":3}}]},"2":{"type":"branch","line":23,"loc":{"start":{"line":23,"column":2},"end":{"line":25,"column":3}},"locations":[{"start":{"line":23,"column":2},"end":{"line":25,"column":3}}]},"3":{"type":"branch","line":30,"loc":{"start":{"line":30,"column":2},"end":{"line":35,"column":3}},"locations":[{"start":{"line":30,"column":2},"end":{"line":35,"column":3}}]},"4":{"type":"branch","line":31,"loc":{"start":{"line":31,"column":17},"end":{"line":33,"column":5}},"locations":[{"start":{"line":31,"column":17},"end":{"line":33,"column":5}}]},"5":{"type":"branch","line":33,"loc":{"start":{"line":33,"column":4},"end":{"line":34,"column":16}},"locations":[{"start":{"line":33,"column":4},"end":{"line":34,"column":16}}]},"6":{"type":"branch","line":40,"loc":{"start":{"line":40,"column":2},"end":{"line":45,"column":3}},"locations":[{"start":{"line":40,"column":2},"end":{"line":45,"column":3}}]},"7":{"type":"branch","line":41,"loc":{"start":{"line":41,"column":21},"end":{"line":43,"column":5}},"locations":[{"start":{"line":41,"column":21},"end":{"line":43,"column":5}}]},"8":{"type":"branch","line":43,"loc":{"start":{"line":43,"column":4},"end":{"line":44,"column":32}},"locations":[{"start":{"line":43,"column":4},"end":{"line":44,"column":32}}]},"9":{"type":"branch","line":55,"loc":{"start":{"line":55,"column":2},"end":{"line":57,"column":4}},"locations":[{"start":{"line":55,"column":2},"end":{"line":57,"column":4}}]},"10":{"type":"branch","line":62,"loc":{"start":{"line":62,"column":2},"end":{"line":71,"column":4}},"locations":[{"start":{"line":62,"column":2},"end":{"line":71,"column":4}}]},"11":{"type":"branch","line":63,"loc":{"start":{"line":63,"column":17},"end":{"line":63,"column":29}},"locations":[{"start":{"line":63,"column":17},"end":{"line":63,"column":29}}]},"12":{"type":"branch","line":63,"loc":{"start":{"line":63,"column":24},"end":{"line":64,"column":26}},"locations":[{"start":{"line":63,"column":24},"end":{"line":64,"column":26}}]},"13":{"type":"branch","line":64,"loc":{"start":{"line":64,"column":19},"end":{"line":64,"column":30}},"locations":[{"start":{"line":64,"column":19},"end":{"line":64,"column":30}}]},"14":{"type":"branch","line":64,"loc":{"start":{"line":64,"column":26},"end":{"line":65,"column":30}},"locations":[{"start":{"line":64,"column":26},"end":{"line":65,"column":30}}]},"15":{"type":"branch","line":65,"loc":{"start":{"line":65,"column":23},"end":{"line":65,"column":35}},"locations":[{"start":{"line":65,"column":23},"end":{"line":65,"column":35}}]},"16":{"type":"branch","line":65,"loc":{"start":{"line":65,"column":30},"end":{"line":67,"column":49}},"locations":[{"start":{"line":65,"column":30},"end":{"line":67,"column":49}}]},"17":{"type":"branch","line":67,"loc":{"start":{"line":67,"column":49},"end":{"line":69,"column":5}},"locations":[{"start":{"line":67,"column":49},"end":{"line":69,"column":5}}]},"18":{"type":"branch","line":68,"loc":{"start":{"line":68,"column":25},"end":{"line":68,"column":37}},"locations":[{"start":{"line":68,"column":25},"end":{"line":68,"column":37}}]},"19":{"type":"branch","line":69,"loc":{"start":{"line":69,"column":4},"end":{"line":70,"column":15}},"locations":[{"start":{"line":69,"column":4},"end":{"line":70,"column":15}}]},"20":{"type":"branch","line":76,"loc":{"start":{"line":76,"column":2},"end":{"line":80,"column":3}},"locations":[{"start":{"line":76,"column":2},"end":{"line":80,"column":3}}]},"21":{"type":"branch","line":77,"loc":{"start":{"line":77,"column":15},"end":{"line":77,"column":79}},"locations":[{"start":{"line":77,"column":15},"end":{"line":77,"column":79}}]},"22":{"type":"branch","line":77,"loc":{"start":{"line":77,"column":78},"end":{"line":78,"column":19}},"locations":[{"start":{"line":77,"column":78},"end":{"line":78,"column":19}}]},"23":{"type":"branch","line":78,"loc":{"start":{"line":78,"column":14},"end":{"line":78,"column":28}},"locations":[{"start":{"line":78,"column":14},"end":{"line":78,"column":28}}]},"24":{"type":"branch","line":78,"loc":{"start":{"line":78,"column":28},"end":{"line":78,"column":36}},"locations":[{"start":{"line":78,"column":28},"end":{"line":78,"column":36}}]},"25":{"type":"branch","line":78,"loc":{"start":{"line":78,"column":35},"end":{"line":79,"column":36}},"locations":[{"start":{"line":78,"column":35},"end":{"line":79,"column":36}}]}},"b":{"0":[3],"1":[3],"2":[3],"3":[4],"4":[1],"5":[3],"6":[4],"7":[1],"8":[3],"9":[7],"10":[12],"11":[3],"12":[9],"13":[1],"14":[8],"15":[3],"16":[5],"17":[2],"18":[1],"19":[4],"20":[15],"21":[1],"22":[14],"23":[13],"24":[5],"25":[9]},"fnMap":{"0":{"name":"add","decl":{"start":{"line":9,"column":2},"end":{"line":11,"column":3}},"loc":{"start":{"line":9,"column":2},"end":{"line":11,"column":3}},"line":9},"1":{"name":"subtract","decl":{"start":{"line":16,"column":2},"end":{"line":18,"column":3}},"loc":{"start":{"line":16,"column":2},"end":{"line":18,"column":3}},"line":16},"2":{"name":"multiply","decl":{"start":{"line":23,"column":2},"end":{"line":25,"column":3}},"loc":{"start":{"line":23,"column":2},"end":{"line":25,"column":3}},"line":23},"3":{"name":"divide","decl":{"start":{"line":30,"column":2},"end":{"line":35,"column":3}},"loc":{"start":{"line":30,"column":2},"end":{"line":35,"column":3}},"line":30},"4":{"name":"percentage","decl":{"start":{"line":40,"column":2},"end":{"line":45,"column":3}},"loc":{"start":{"line":40,"column":2},"end":{"line":45,"column":3}},"line":40},"5":{"name":"isEven","decl":{"start":{"line":55,"column":2},"end":{"line":57,"column":4}},"loc":{"start":{"line":55,"column":2},"end":{"line":57,"column":4}},"line":55},"6":{"name":"isPrime","decl":{"start":{"line":62,"column":2},"end":{"line":71,"column":4}},"loc":{"start":{"line":62,"column":2},"end":{"line":71,"column":4}},"line":62},"7":{"name":"factorial","decl":{"start":{"line":76,"column":2},"end":{"line":80,"column":3}},"loc":{"start":{"line":76,"column":2},"end":{"line":80,"column":3}},"line":76}},"f":{"0":3,"1":3,"2":3,"3":4,"4":4,"5":7,"6":12,"7":15}}
,"/Users/noritakaikeda/Documents/GitHub/coverage-runner/examples/dual-runner-project/src/index.ts": {"path":"/Users/noritakaikeda/Documents/GitHub/coverage-runner/examples/dual-runner-project/src/index.ts","all":true,"statementMap":{"4":{"start":{"line":5,"column":0},"end":{"line":5,"column":52}},"5":{"start":{"line":6,"column":0},"end":{"line":6,"column":58}},"10":{"start":{"line":11,"column":0},"end":{"line":11,"column":78}},"11":{"start":{"line":12,"column":0},"end":{"line":12,"column":31}},"12":{"start":{"line":13,"column":0},"end":{"line":13,"column":39}},"14":{"start":{"line":15,"column":0},"end":{"line":15,"column":65}},"15":{"start":{"line":16,"column":0},"end":{"line":16,"column":38}},"16":{"start":{"line":17,"column":0},"end":{"line":17,"column":61}},"18":{"start":{"line":19,"column":0},"end":{"line":19,"column":72}},"19":{"start":{"line":20,"column":0},"end":{"line":20,"column":1}},"24":{"start":{"line":25,"column":0},"end":{"line":25,"column":26}},"25":{"start":{"line":26,"column":0},"end":{"line":26,"column":30}},"26":{"start":{"line":27,"column":0},"end":{"line":27,"column":19}},"27":{"start":{"line":28,"column":0},"end":{"line":28,"column":67}},"32":{"start":{"line":33,"column":0},"end":{"line":33,"column":21}},"33":{"start":{"line":34,"column":0},"end":{"line":34,"column":64}},"34":{"start":{"line":35,"column":0},"end":{"line":35,"column":3}},"35":{"start":{"line":36,"column":0},"end":{"line":36,"column":1}},"38":{"start":{"line":39,"column":0},"end":{"line":39,"column":54}},"39":{"start":{"line":40,"column":0},"end":{"line":40,"column":34}},"40":{"start":{"line":41,"column":0},"end":{"line":41,"column":62}},"41":{"start":{"line":42,"column":0},"end":{"line":42,"column":1}}},"s":{"4":0,"5":0,"10":0,"11":0,"12":0,"14":0,"15":0,"16":0,"18":0,"19":0,"24":0,"25":0,"26":0,"27":0,"32":0,"33":0,"34":0,"35":0,"38":0,"39":0,"40":0,"41":0},"branchMap":{"0":{"type":"branch","line":1,"loc":{"start":{"line":1,"column":1128},"end":{"line":42,"column":1}},"locations":[{"start":{"line":1,"column":1128},"end":{"line":42,"column":1}}]}},"b":{"0":[1]},"fnMap":{"0":{"name":"(empty-report)","decl":{"start":{"line":1,"column":1128},"end":{"line":42,"column":1}},"loc":{"start":{"line":1,"column":1128},"end":{"line":42,"column":1}},"line":1}},"f":{"0":1}}
,"/Users/noritakaikeda/Documents/GitHub/coverage-runner/examples/dual-runner-project/src/stringUtils.ts": {"path":"/Users/noritakaikeda/Documents/GitHub/coverage-runner/examples/dual-runner-project/src/stringUtils.ts","all":false,"statementMap":{"4":{"start":{"line":5,"column":0},"end":{"line":5,"column":26}},"8":{"start":{"line":9,"column":0},"end":{"line":9,"column":35}},"9":{"start":{"line":10,"column":0},"end":{"line":10,"column":24}},"10":{"start":{"line":11,"column":0},"end":{"line":11,"column":67}},"11":{"start":{"line":12,"column":0},"end":{"line":12,"column":3}},"16":{"start":{"line":17,"column":0},"end":{"line":17,"column":32}},"17":{"start":{"line":18,"column":0},"end":{"line":18,"column":43}},"18":{"start":{"line":19,"column":0},"end":{"line":19,"column":3}},"23":{"start":{"line":24,"column":0},"end":{"line":24,"column":38}},"24":{"start":{"line":25,"column":0},"end":{"line":25,"column":66}},"25":{"start":{"line":26,"column":0},"end":{"line":26,"column":65}},"26":{"start":{"line":27,"column":0},"end":{"line":27,"column":3}},"31":{"start":{"line":32,"column":0},"end":{"line":32,"column":34}},"32":{"start":{"line":33,"column":0},"end":{"line":33,"column":29}},"33":{"start":{"line":34,"column":0},"end":{"line":34,"column":41}},"34":{"start":{"line":35,"column":0},"end":{"line":35,"column":3}},"39":{"start":{"line":40,"column":0},"end":{"line":40,"column":52}},"40":{"start":{"line":41,"column":0},"end":{"line":41,"column":43}},"41":{"start":{"line":42,"column":0},"end":{"line":42,"column":46}},"42":{"start":{"line":43,"column":0},"end":{"line":43,"column":3}},"43":{"start":{"line":44,"column":0},"end":{"line":44,"column":1}},"48":{"start":{"line":49,"column":0},"end":{"line":49,"column":30}},"52":{"start":{"line":53,"column":0},"end":{"line":53,"column":36}},"53":{"start":{"line":54,"column":0},"end":{"line":54,"column":14}},"54":{"start":{"line":55,"column":0},"end":{"line":55,"column":42}},"55":{"start":{"line":56,"column":0},"end":{"line":56,"column":30}},"56":{"start":{"line":57,"column":0},"end":{"line":57,"column":20}},"57":{"start":{"line":58,"column":0},"end":{"line":58,"column":4}},"62":{"start":{"line":63,"column":0},"end":{"line":63,"column":36}},"63":{"start":{"line":64,"column":0},"end":{"line":64,"column":14}},"64":{"start":{"line":65,"column":0},"end":{"line":65,"column":75}},"65":{"start":{"line":66,"column":0},"end":{"line":66,"column":52}},"66":{"start":{"line":67,"column":0},"end":{"line":67,"column":4}},"71":{"start":{"line":72,"column":0},"end":{"line":72,"column":41}},"72":{"start":{"line":73,"column":0},"end":{"line":73,"column":77}},"73":{"start":{"line":74,"column":0},"end":{"line":74,"column":39}},"74":{"start":{"line":75,"column":0},"end":{"line":75,"column":3}},"75":{"start":{"line":76,"column":0},"end":{"line":76,"column":1}}},"s":{"4":1,"8":1,"9":6,"10":5,"11":6,"16":1,"17":5,"18":5,"23":1,"24":9,"25":9,"26":9,"31":1,"32":7,"33":5,"34":7,"39":1,"40":6,"41":2,"42":6,"43":1,"48":1,"52":1,"53":6,"54":6,"55":6,"56":6,"57":6,"62":1,"63":6,"64":6,"65":6,"66":6,"71":1,"72":3,"73":3,"74":3,"75":1},"branchMap":{"0":{"type":"branch","line":9,"loc":{"start":{"line":9,"column":2},"end":{"line":12,"column":3}},"locations":[{"start":{"line":9,"column":2},"end":{"line":12,"column":3}}]},"1":{"type":"branch","line":10,"loc":{"start":{"line":10,"column":14},"end":{"line":10,"column":24}},"locations":[{"start":{"line":10,"column":14},"end":{"line":10,"column":24}}]},"2":{"type":"branch","line":10,"loc":{"start":{"line":10,"column":21},"end":{"line":11,"column":67}},"locations":[{"start":{"line":10,"column":21},"end":{"line":11,"column":67}}]},"3":{"type":"branch","line":17,"loc":{"start":{"line":17,"column":2},"end":{"line":19,"column":3}},"locations":[{"start":{"line":17,"column":2},"end":{"line":19,"column":3}}]},"4":{"type":"branch","line":24,"loc":{"start":{"line":24,"column":2},"end":{"line":27,"column":3}},"locations":[{"start":{"line":24,"column":2},"end":{"line":27,"column":3}}]},"5":{"type":"branch","line":32,"loc":{"start":{"line":32,"column":2},"end":{"line":35,"column":3}},"locations":[{"start":{"line":32,"column":2},"end":{"line":35,"column":3}}]},"6":{"type":"branch","line":33,"loc":{"start":{"line":33,"column":21},"end":{"line":33,"column":29}},"locations":[{"start":{"line":33,"column":21},"end":{"line":33,"column":29}}]},"7":{"type":"branch","line":33,"loc":{"start":{"line":33,"column":28},"end":{"line":34,"column":41}},"locations":[{"start":{"line":33,"column":28},"end":{"line":34,"column":41}}]},"8":{"type":"branch","line":40,"loc":{"start":{"line":40,"column":2},"end":{"line":43,"column":3}},"locations":[{"start":{"line":40,"column":2},"end":{"line":43,"column":3}}]},"9":{"type":"branch","line":41,"loc":{"start":{"line":41,"column":33},"end":{"line":41,"column":43}},"locations":[{"start":{"line":41,"column":33},"end":{"line":41,"column":43}}]},"10":{"type":"branch","line":41,"loc":{"start":{"line":41,"column":40},"end":{"line":42,"column":46}},"locations":[{"start":{"line":41,"column":40},"end":{"line":42,"column":46}}]},"11":{"type":"branch","line":53,"loc":{"start":{"line":53,"column":2},"end":{"line":58,"column":4}},"locations":[{"start":{"line":53,"column":2},"end":{"line":58,"column":4}}]},"12":{"type":"branch","line":63,"loc":{"start":{"line":63,"column":2},"end":{"line":67,"column":4}},"locations":[{"start":{"line":63,"column":2},"end":{"line":67,"column":4}}]},"13":{"type":"branch","line":65,"loc":{"start":{"line":65,"column":31},"end":{"line":65,"column":74}},"locations":[{"start":{"line":65,"column":31},"end":{"line":65,"column":74}}]},"14":{"type":"branch","line":65,"loc":{"start":{"line":65,"column":68},"end":{"line":65,"column":74}},"locations":[{"start":{"line":65,"column":68},"end":{"line":65,"column":74}}]},"15":{"type":"branch","line":66,"loc":{"start":{"line":66,"column":25},"end":{"line":66,"column":51}},"locations":[{"start":{"line":66,"column":25},"end":{"line":66,"column":51}}]},"16":{"type":"branch","line":72,"loc":{"start":{"line":72,"column":2},"end":{"line":75,"column":3}},"locations":[{"start":{"line":72,"column":2},"end":{"line":75,"column":3}}]},"17":{"type":"branch","line":74,"loc":{"start":{"line":74,"column":32},"end":{"line":74,"column":39}},"locations":[{"start":{"line":74,"column":32},"end":{"line":74,"column":39}}]}},"b":{"0":[6],"1":[1],"2":[5],"3":[5],"4":[9],"5":[7],"6":[2],"7":[5],"8":[6],"9":[4],"10":[2],"11":[6],"12":[6],"13":[3],"14":[0],"15":[1],"16":[3],"17":[1]},"fnMap":{"0":{"name":"capitalize","decl":{"start":{"line":9,"column":2},"end":{"line":12,"column":3}},"loc":{"start":{"line":9,"column":2},"end":{"line":12,"column":3}},"line":9},"1":{"name":"reverse","decl":{"start":{"line":17,"column":2},"end":{"line":19,"column":3}},"loc":{"start":{"line":17,"column":2},"end":{"line":19,"column":3}},"line":17},"2":{"name":"isPalindrome","decl":{"start":{"line":24,"column":2},"end":{"line":27,"column":3}},"loc":{"start":{"line":24,"column":2},"end":{"line":27,"column":3}},"line":24},"3":{"name":"wordCount","decl":{"start":{"line":32,"column":2},"end":{"line":35,"column":3}},"loc":{"start":{"line":32,"column":2},"end":{"line":35,"column":3}},"line":32},"4":{"name":"truncate","decl":{"start":{"line":40,"column":2},"end":{"line":43,"column":3}},"loc":{"start":{"line":40,"column":2},"end":{"line":43,"column":3}},"line":40},"5":{"name":"toKebabCase","decl":{"start":{"line":53,"column":2},"end":{"line":58,"column":4}},"loc":{"start":{"line":53,"column":2},"end":{"line":58,"column":4}},"line":53},"6":{"name":"toCamelCase","decl":{"start":{"line":63,"column":2},"end":{"line":67,"column":4}},"loc":{"start":{"line":63,"column":2},"end":{"line":67,"column":4}},"line":63},"7":{"name":"extractEmails","decl":{"start":{"line":72,"column":2},"end":{"line":75,"column":3}},"loc":{"start":{"line":72,"column":2},"end":{"line":75,"column":3}},"line":72}},"f":{"0":6,"1":5,"2":9,"3":7,"4":6,"5":6,"6":6,"7":3}}
}
