TN:
SF:src/calculator.ts
FN:9,(anonymous_0)
FN:16,(anonymous_1)
FN:23,(anonymous_2)
FN:30,(anonymous_3)
FN:40,(anonymous_4)
FN:55,(anonymous_5)
FN:62,(anonymous_6)
FN:76,(anonymous_7)
FNF:8
FNH:8
FNDA:3,(anonymous_0)
FNDA:3,(anonymous_1)
FNDA:3,(anonymous_2)
FNDA:4,(anonymous_3)
FNDA:4,(anonymous_4)
FNDA:7,(anonymous_5)
FNDA:12,(anonymous_6)
FNDA:15,(anonymous_7)
DA:5,1
DA:10,3
DA:17,3
DA:24,3
DA:31,4
DA:32,1
DA:34,3
DA:41,4
DA:42,1
DA:44,3
DA:51,1
DA:56,7
DA:63,12
DA:64,9
DA:65,8
DA:67,5
DA:68,2
DA:70,4
DA:77,15
DA:78,14
DA:79,9
LF:21
LH:21
BRDA:31,0,0,1
BRDA:41,1,0,1
BRDA:63,2,0,3
BRDA:64,3,0,1
BRDA:65,4,0,3
BRDA:68,5,0,1
BRDA:77,6,0,1
BRDA:78,7,0,5
BRDA:78,8,0,14
BRDA:78,8,1,13
BRF:10
BRH:10
end_of_record
TN:
SF:src/stringUtils.ts
FN:9,(anonymous_0)
FN:17,(anonymous_1)
FN:24,(anonymous_2)
FN:32,(anonymous_3)
FN:40,(anonymous_4)
FN:53,(anonymous_5)
FN:63,(anonymous_6)
FN:65,(anonymous_7)
FN:66,(anonymous_8)
FN:72,(anonymous_9)
FNF:10
FNH:10
FNDA:6,(anonymous_0)
FNDA:5,(anonymous_1)
FNDA:9,(anonymous_2)
FNDA:7,(anonymous_3)
FNDA:6,(anonymous_4)
FNDA:6,(anonymous_5)
FNDA:6,(anonymous_6)
FNDA:3,(anonymous_7)
FNDA:1,(anonymous_8)
FNDA:3,(anonymous_9)
DA:5,1
DA:10,6
DA:11,5
DA:18,5
DA:25,9
DA:26,9
DA:33,7
DA:34,5
DA:41,6
DA:42,2
DA:49,1
DA:54,6
DA:64,6
DA:65,3
DA:66,1
DA:73,3
DA:74,3
LF:17
LH:17
BRDA:10,0,0,1
BRDA:33,1,0,2
BRDA:41,2,0,4
BRDA:65,3,0,3
BRDA:65,3,1,0
BRDA:74,4,0,3
BRDA:74,4,1,1
BRF:7
BRH:6
end_of_record
